<?xml version="1.0" encoding="UTF-8"?>
<!-- Generated by org.testng.reporters.JUnitReportReporter -->
<testsuite skipped="0" hostname="DESKTOP-23V34RH" name="com.qa.actitime.automation.runners.TestRunner" tests="1" failures="0" timestamp="06 Apr 2021 16:36:19 GMT" time="10.801" errors="0">
  <testcase name="feature" time="10.801" classname="com.qa.actitime.automation.runners.TestRunner"/>
</testsuite> <!-- com.qa.actitime.automation.runners.TestRunner -->
